<?xml version="1.0" encoding="UTF-8"?>
<!-- Generated by org.testng.reporters.JUnitXMLReporter -->
<testsuite ignored="5" hostname="YOGESHs-MacBook-Pro.local" failures="0" tests="1" name="ChromeTests" time="8.224" errors="0" timestamp="2022-12-22T16:30:50 EST">
  <testcase classname="com.appium.tests.ChromeBrowserTest" name="testGreetingText" time="3.29"/>
  <testcase classname="com.appium.tests.ChromeBrowserTest" name="testInputNameAsFifa" time="0.0">
    <ignored/>
  </testcase> <!-- testInputNameAsFifa -->
  <testcase classname="com.appium.tests.ChromeBrowserTest" name="testInputNameAsMessi" time="0.0">
    <ignored/>
  </testcase> <!-- testInputNameAsMessi -->
  <testcase classname="com.appium.tests.BaseClass" name="sampleTest" time="0.0">
    <ignored/>
  </testcase> <!-- sampleTest -->
  <testcase classname="com.appium.tests.ChromeBrowserTest" name="testInputNameAsQatarFifa" time="0.0">
    <ignored/>
  </testcase> <!-- testInputNameAsQatarFifa -->
  <testcase classname="com.appium.tests.ChromeBrowserTest" name="testInputNameAsCR7" time="0.0">
    <ignored/>
  </testcase> <!-- testInputNameAsCR7 -->
</testsuite> <!-- ChromeTests -->
