<?xml version="1.0" encoding="UTF-8"?>
<!-- Generated by org.testng.reporters.JUnitXMLReporter -->
<testsuite ignored="1" hostname="YOGESHs-MacBook-Pro.local" failures="0" tests="4" name="ChromeTests" time="17.256" errors="0" timestamp="2022-12-12T18:27:08 EST">
  <testcase classname="com.appium.tests.ChromeBrowserTest" name="testInputNameAsFifa" time="3.721"/>
  <testcase classname="com.appium.tests.ChromeBrowserTest" name="testInputNameAsMessi" time="3.062"/>
  <testcase classname="com.appium.tests.ChromeBrowserTest" name="testInputNameAsCR7" time="2.745"/>
  <testcase classname="com.appium.tests.ChromeBrowserTest" name="testInputNameAsQatarFifa" time="3.029"/>
  <testcase classname="com.appium.tests.BaseClass" name="sampleTest" time="0.0">
    <ignored/>
  </testcase> <!-- sampleTest -->
</testsuite> <!-- ChromeTests -->
