<?xml version="1.0" encoding="UTF-8"?>
<testng-results ignored="1" total="5" passed="4" failed="0" skipped="0">
  <reporter-output>
  </reporter-output>
  <suite started-at="2022-12-12T18:26:50 EST" name="Chrome Browser Tests" finished-at="2022-12-12T18:27:08 EST" duration-ms="17256">
    <groups>
    </groups>
    <test started-at="2022-12-12T18:26:50 EST" name="ChromeTests" finished-at="2022-12-12T18:27:08 EST" duration-ms="17256">
      <class name="com.appium.tests.ChromeBrowserTest">
        <test-method is-config="true" signature="setUp()[pri:0, instance:com.appium.tests.ChromeBrowserTest@769e7ee8]" started-at="2022-12-12T18:26:50 EST" name="setUp" finished-at="2022-12-12T18:26:55 EST" duration-ms="4559" status="PASS">
          <reporter-output>
          </reporter-output>
        </test-method> <!-- setUp -->
        <test-method signature="testInputNameAsFifa()[pri:0, instance:com.appium.tests.ChromeBrowserTest@769e7ee8]" started-at="2022-12-12T18:26:55 EST" name="testInputNameAsFifa" finished-at="2022-12-12T18:26:59 EST" duration-ms="3721" status="PASS">
          <reporter-output>
          </reporter-output>
        </test-method> <!-- testInputNameAsFifa -->
        <test-method signature="testInputNameAsMessi()[pri:0, instance:com.appium.tests.ChromeBrowserTest@769e7ee8]" started-at="2022-12-12T18:26:59 EST" name="testInputNameAsMessi" finished-at="2022-12-12T18:27:02 EST" duration-ms="3062" status="PASS">
          <reporter-output>
          </reporter-output>
        </test-method> <!-- testInputNameAsMessi -->
        <test-method signature="testInputNameAsCR7()[pri:0, instance:com.appium.tests.ChromeBrowserTest@769e7ee8]" started-at="2022-12-12T18:27:02 EST" name="testInputNameAsCR7" finished-at="2022-12-12T18:27:05 EST" duration-ms="2745" status="PASS">
          <reporter-output>
          </reporter-output>
        </test-method> <!-- testInputNameAsCR7 -->
        <test-method signature="testInputNameAsQatarFifa()[pri:0, instance:com.appium.tests.ChromeBrowserTest@769e7ee8]" started-at="2022-12-12T18:27:05 EST" name="testInputNameAsQatarFifa" finished-at="2022-12-12T18:27:08 EST" duration-ms="3029" status="PASS">
          <reporter-output>
          </reporter-output>
        </test-method> <!-- testInputNameAsQatarFifa -->
        <test-method is-config="true" signature="tearDown()[pri:0, instance:com.appium.tests.ChromeBrowserTest@769e7ee8]" started-at="2022-12-12T18:27:08 EST" name="tearDown" finished-at="2022-12-12T18:27:08 EST" duration-ms="116" status="PASS">
          <reporter-output>
          </reporter-output>
        </test-method> <!-- tearDown -->
      </class> <!-- com.appium.tests.ChromeBrowserTest -->
    </test> <!-- ChromeTests -->
  </suite> <!-- Chrome Browser Tests -->
</testng-results>
