<?xml version="1.0" encoding="UTF-8"?>
<testng-results ignored="5" total="6" passed="1" failed="0" skipped="0">
  <reporter-output>
  </reporter-output>
  <suite started-at="2022-12-22T16:30:42 EST" name="Chrome Browser Tests" finished-at="2022-12-22T16:30:50 EST" duration-ms="8224">
    <groups>
    </groups>
    <test started-at="2022-12-22T16:30:42 EST" name="ChromeTests" finished-at="2022-12-22T16:30:50 EST" duration-ms="8224">
      <class name="com.appium.tests.ChromeBrowserTest">
        <test-method is-config="true" signature="setUp()[pri:0, instance:com.appium.tests.ChromeBrowserTest@470f1802]" started-at="2022-12-22T16:30:42 EST" name="setUp" finished-at="2022-12-22T16:30:46 EST" duration-ms="4853" status="PASS">
          <reporter-output>
          </reporter-output>
        </test-method> <!-- setUp -->
        <test-method signature="testGreetingText()[pri:0, instance:com.appium.tests.ChromeBrowserTest@470f1802]" started-at="2022-12-22T16:30:46 EST" name="testGreetingText" finished-at="2022-12-22T16:30:50 EST" duration-ms="3290" status="PASS">
          <reporter-output>
          </reporter-output>
        </test-method> <!-- testGreetingText -->
        <test-method is-config="true" signature="tearDown()[pri:0, instance:com.appium.tests.ChromeBrowserTest@470f1802]" started-at="2022-12-22T16:30:50 EST" name="tearDown" finished-at="2022-12-22T16:30:50 EST" duration-ms="54" status="PASS">
          <reporter-output>
          </reporter-output>
        </test-method> <!-- tearDown -->
      </class> <!-- com.appium.tests.ChromeBrowserTest -->
    </test> <!-- ChromeTests -->
  </suite> <!-- Chrome Browser Tests -->
</testng-results>
